<?xml version="1.0" encoding="UTF-8"?>
<coverage generated="1554784278019" clover="3.2.0">
  <project timestamp="1554784278019" name="All files">
    <metrics statements="122" coveredstatements="85" conditionals="32" coveredconditionals="19" methods="32" coveredmethods="11" elements="186" coveredelements="115" complexity="0" loc="122" ncloc="122" packages="4" files="8" classes="8"/>
    <package name="client.src">
      <metrics statements="1" coveredstatements="1" conditionals="0" coveredconditionals="0" methods="0" coveredmethods="0"/>
      <file name="index.jsx" path="/Users/aku2nnya/Desktop/Coding/GitHub/carousel_module/client/src/index.jsx">
        <metrics statements="1" coveredstatements="1" conditionals="0" coveredconditionals="0" methods="0" coveredmethods="0"/>
        <line num="6" count="1" type="stmt"/>
      </file>
    </package>
    <package name="client.src.components">
      <metrics statements="45" coveredstatements="15" conditionals="10" coveredconditionals="1" methods="25" coveredmethods="4"/>
      <file name="carousel.jsx" path="/Users/aku2nnya/Desktop/Coding/GitHub/carousel_module/client/src/components/carousel.jsx">
        <metrics statements="30" coveredstatements="13" conditionals="6" coveredconditionals="1" methods="10" coveredmethods="4"/>
        <line num="10" count="1" type="stmt"/>
        <line num="11" count="1" type="stmt"/>
        <line num="16" count="1" type="stmt"/>
        <line num="17" count="1" type="stmt"/>
        <line num="18" count="1" type="stmt"/>
        <line num="19" count="1" type="stmt"/>
        <line num="23" count="1" type="stmt"/>
        <line num="27" count="1" type="stmt"/>
        <line num="32" count="0" type="stmt"/>
        <line num="35" count="0" type="stmt"/>
        <line num="36" count="0" type="stmt"/>
        <line num="42" count="0" type="stmt"/>
        <line num="43" count="0" type="stmt"/>
        <line num="49" count="0" type="stmt"/>
        <line num="55" count="0" type="stmt"/>
        <line num="56" count="0" type="stmt"/>
        <line num="57" count="0" type="cond" truecount="0" falsecount="2"/>
        <line num="59" count="0" type="stmt"/>
        <line num="63" count="0" type="stmt"/>
        <line num="70" count="0" type="stmt"/>
        <line num="71" count="0" type="stmt"/>
        <line num="72" count="0" type="cond" truecount="0" falsecount="2"/>
        <line num="73" count="0" type="stmt"/>
        <line num="77" count="0" type="stmt"/>
        <line num="84" count="1" type="stmt"/>
        <line num="85" count="1" type="stmt"/>
        <line num="86" count="1" type="stmt"/>
        <line num="87" count="1" type="cond" truecount="1" falsecount="1"/>
        <line num="88" count="1" type="stmt"/>
        <line num="92" count="0" type="stmt"/>
      </file>
      <file name="modal.jsx" path="/Users/aku2nnya/Desktop/Coding/GitHub/carousel_module/client/src/components/modal.jsx">
        <metrics statements="5" coveredstatements="1" conditionals="2" coveredconditionals="0" methods="2" coveredmethods="0"/>
        <line num="6" count="2" type="stmt"/>
        <line num="7" count="0" type="cond" truecount="0" falsecount="2"/>
        <line num="8" count="0" type="stmt"/>
        <line num="28" count="0" type="stmt"/>
        <line num="36" count="0" type="stmt"/>
      </file>
      <file name="photoCollage.jsx" path="/Users/aku2nnya/Desktop/Coding/GitHub/carousel_module/client/src/components/photoCollage.jsx">
        <metrics statements="10" coveredstatements="1" conditionals="2" coveredconditionals="0" methods="13" coveredmethods="0"/>
        <line num="5" count="2" type="stmt"/>
        <line num="6" count="0" type="cond" truecount="0" falsecount="2"/>
        <line num="7" count="0" type="stmt"/>
        <line num="10" count="0" type="stmt"/>
        <line num="15" count="0" type="stmt"/>
        <line num="18" count="0" type="stmt"/>
        <line num="19" count="0" type="stmt"/>
        <line num="20" count="0" type="stmt"/>
        <line num="21" count="0" type="stmt"/>
        <line num="22" count="0" type="stmt"/>
      </file>
    </package>
    <package name="database">
      <metrics statements="59" coveredstatements="54" conditionals="20" coveredconditionals="17" methods="4" coveredmethods="4"/>
      <file name="dbGenerator.js" path="/Users/aku2nnya/Desktop/Coding/GitHub/carousel_module/database/dbGenerator.js">
        <metrics statements="47" coveredstatements="42" conditionals="20" coveredconditionals="17" methods="3" coveredmethods="3"/>
        <line num="1" count="2" type="stmt"/>
        <line num="2" count="2" type="stmt"/>
        <line num="3" count="2" type="stmt"/>
        <line num="7" count="2" type="stmt"/>
        <line num="9" count="2259" type="stmt"/>
        <line num="11" count="2259" type="cond" truecount="1" falsecount="1"/>
        <line num="12" count="2259" type="stmt"/>
        <line num="14" count="0" type="stmt"/>
        <line num="16" count="0" type="cond" truecount="0" falsecount="2"/>
        <line num="17" count="0" type="stmt"/>
        <line num="21" count="0" type="stmt"/>
        <line num="22" count="0" type="stmt"/>
        <line num="26" count="2" type="stmt"/>
        <line num="28" count="1800" type="stmt"/>
        <line num="30" count="1800" type="stmt"/>
        <line num="32" count="1800" type="stmt"/>
        <line num="33" count="1800" type="stmt"/>
        <line num="35" count="2257" type="stmt"/>
        <line num="37" count="2257" type="stmt"/>
        <line num="39" count="2257" type="stmt"/>
        <line num="41" count="2257" type="stmt"/>
        <line num="43" count="2257" type="stmt"/>
        <line num="45" count="2257" type="stmt"/>
        <line num="47" count="2257" type="stmt"/>
        <line num="49" count="2257" type="stmt"/>
        <line num="54" count="2" type="stmt"/>
        <line num="56" count="3" type="stmt"/>
        <line num="58" count="3" type="stmt"/>
        <line num="60" count="300" type="stmt"/>
        <line num="62" count="300" type="stmt"/>
        <line num="64" count="300" type="stmt"/>
        <line num="67" count="300" type="stmt"/>
        <line num="70" count="300" type="stmt"/>
        <line num="73" count="300" type="cond" truecount="4" falsecount="0"/>
        <line num="75" count="75" type="stmt"/>
        <line num="78" count="300" type="cond" truecount="4" falsecount="0"/>
        <line num="80" count="75" type="stmt"/>
        <line num="83" count="300" type="cond" truecount="4" falsecount="0"/>
        <line num="85" count="75" type="stmt"/>
        <line num="88" count="300" type="cond" truecount="4" falsecount="0"/>
        <line num="90" count="75" type="stmt"/>
        <line num="94" count="300" type="stmt"/>
        <line num="97" count="300" type="stmt"/>
        <line num="100" count="300" type="stmt"/>
        <line num="102" count="300" type="stmt"/>
        <line num="105" count="3" type="stmt"/>
        <line num="109" count="2" type="stmt"/>
      </file>
      <file name="index.js" path="/Users/aku2nnya/Desktop/Coding/GitHub/carousel_module/database/index.js">
        <metrics statements="6" coveredstatements="6" conditionals="0" coveredconditionals="0" methods="0" coveredmethods="0"/>
        <line num="1" count="3" type="stmt"/>
        <line num="2" count="3" type="stmt"/>
        <line num="5" count="3" type="stmt"/>
        <line num="7" count="3" type="stmt"/>
        <line num="20" count="3" type="stmt"/>
        <line num="23" count="3" type="stmt"/>
      </file>
      <file name="seed.js" path="/Users/aku2nnya/Desktop/Coding/GitHub/carousel_module/database/seed.js">
        <metrics statements="6" coveredstatements="6" conditionals="0" coveredconditionals="0" methods="1" coveredmethods="1"/>
        <line num="1" count="1" type="stmt"/>
        <line num="2" count="1" type="stmt"/>
        <line num="5" count="1" type="stmt"/>
        <line num="6" count="2" type="stmt"/>
        <line num="9" count="1" type="stmt"/>
        <line num="12" count="1" type="stmt"/>
      </file>
    </package>
    <package name="server">
      <metrics statements="17" coveredstatements="15" conditionals="2" coveredconditionals="1" methods="3" coveredmethods="3"/>
      <file name="index.js" path="/Users/aku2nnya/Desktop/Coding/GitHub/carousel_module/server/index.js">
        <metrics statements="17" coveredstatements="15" conditionals="2" coveredconditionals="1" methods="3" coveredmethods="3"/>
        <line num="1" count="1" type="stmt"/>
        <line num="2" count="1" type="stmt"/>
        <line num="3" count="1" type="stmt"/>
        <line num="4" count="1" type="stmt"/>
        <line num="7" count="1" type="stmt"/>
        <line num="8" count="1" type="stmt"/>
        <line num="10" count="1" type="stmt"/>
        <line num="11" count="1" type="stmt"/>
        <line num="13" count="1" type="stmt"/>
        <line num="14" count="1" type="stmt"/>
        <line num="17" count="1" type="cond" truecount="1" falsecount="1"/>
        <line num="18" count="1" type="stmt"/>
        <line num="20" count="0" type="stmt"/>
        <line num="21" count="0" type="stmt"/>
        <line num="27" count="1" type="stmt"/>
        <line num="28" count="1" type="stmt"/>
        <line num="32" count="1" type="stmt"/>
      </file>
    </package>
  </project>
</coverage>
