{"/Users/aku2nnya/Desktop/Coding/GitHub/carousel_module/client/src/index.jsx": {"path":"/Users/aku2nnya/Desktop/Coding/GitHub/carousel_module/client/src/index.jsx","statementMap":{"0":{"start":{"line":6,"column":0},"end":{"line":6,"column":62}}},"fnMap":{},"branchMap":{},"s":{"0":1},"f":{},"b":{},"_coverageSchema":"43e27e138ebf9cfc5966b082cf9a028302ed4184","hash":"027b0e84e8ccf29630b3fee7347cf0106ea03739"}
,"/Users/aku2nnya/Desktop/Coding/GitHub/carousel_module/client/src/components/carousel.jsx": {"path":"/Users/aku2nnya/Desktop/Coding/GitHub/carousel_module/client/src/components/carousel.jsx","statementMap":{"0":{"start":{"line":10,"column":4},"end":{"line":10,"column":17}},"1":{"start":{"line":11,"column":4},"end":{"line":15,"column":6}},"2":{"start":{"line":16,"column":4},"end":{"line":16,"column":51}},"3":{"start":{"line":17,"column":4},"end":{"line":17,"column":65}},"4":{"start":{"line":18,"column":4},"end":{"line":18,"column":71}},"5":{"start":{"line":19,"column":4},"end":{"line":19,"column":79}},"6":{"start":{"line":23,"column":4},"end":{"line":23,"column":22}},"7":{"start":{"line":27,"column":4},"end":{"line":38,"column":7}},"8":{"start":{"line":32,"column":8},"end":{"line":32,"column":38}},"9":{"start":{"line":35,"column":8},"end":{"line":35,"column":43}},"10":{"start":{"line":36,"column":8},"end":{"line":36,"column":32}},"11":{"start":{"line":42,"column":38},"end":{"line":42,"column":48}},"12":{"start":{"line":43,"column":4},"end":{"line":45,"column":7}},"13":{"start":{"line":49,"column":4},"end":{"line":51,"column":17}},"14":{"start":{"line":55,"column":30},"end":{"line":55,"column":40}},"15":{"start":{"line":56,"column":30},"end":{"line":56,"column":40}},"16":{"start":{"line":57,"column":4},"end":{"line":66,"column":5}},"17":{"start":{"line":59,"column":6},"end":{"line":61,"column":9}},"18":{"start":{"line":63,"column":6},"end":{"line":65,"column":9}},"19":{"start":{"line":70,"column":30},"end":{"line":70,"column":40}},"20":{"start":{"line":71,"column":30},"end":{"line":71,"column":40}},"21":{"start":{"line":72,"column":4},"end":{"line":80,"column":5}},"22":{"start":{"line":73,"column":6},"end":{"line":75,"column":9}},"23":{"start":{"line":77,"column":6},"end":{"line":79,"column":9}},"24":{"start":{"line":84,"column":30},"end":{"line":84,"column":40}},"25":{"start":{"line":85,"column":38},"end":{"line":85,"column":48}},"26":{"start":{"line":86,"column":32},"end":{"line":86,"column":42}},"27":{"start":{"line":87,"column":4},"end":{"line":91,"column":5}},"28":{"start":{"line":88,"column":6},"end":{"line":90,"column":8}},"29":{"start":{"line":92,"column":4},"end":{"line":108,"column":6}}},"fnMap":{"0":{"name":"(anonymous_0)","decl":{"start":{"line":9,"column":2},"end":{"line":9,"column":3}},"loc":{"start":{"line":9,"column":21},"end":{"line":20,"column":3}},"line":9},"1":{"name":"(anonymous_1)","decl":{"start":{"line":22,"column":2},"end":{"line":22,"column":3}},"loc":{"start":{"line":22,"column":22},"end":{"line":24,"column":3}},"line":22},"2":{"name":"(anonymous_2)","decl":{"start":{"line":26,"column":2},"end":{"line":26,"column":3}},"loc":{"start":{"line":26,"column":15},"end":{"line":39,"column":3}},"line":26},"3":{"name":"(anonymous_3)","decl":{"start":{"line":31,"column":13},"end":{"line":31,"column":14}},"loc":{"start":{"line":31,"column":22},"end":{"line":33,"column":7}},"line":31},"4":{"name":"(anonymous_4)","decl":{"start":{"line":34,"column":15},"end":{"line":34,"column":16}},"loc":{"start":{"line":34,"column":25},"end":{"line":37,"column":7}},"line":34},"5":{"name":"(anonymous_5)","decl":{"start":{"line":41,"column":2},"end":{"line":41,"column":3}},"loc":{"start":{"line":41,"column":16},"end":{"line":46,"column":3}},"line":41},"6":{"name":"(anonymous_6)","decl":{"start":{"line":48,"column":2},"end":{"line":48,"column":3}},"loc":{"start":{"line":48,"column":45},"end":{"line":52,"column":3}},"line":48},"7":{"name":"(anonymous_7)","decl":{"start":{"line":54,"column":2},"end":{"line":54,"column":3}},"loc":{"start":{"line":54,"column":26},"end":{"line":67,"column":3}},"line":54},"8":{"name":"(anonymous_8)","decl":{"start":{"line":69,"column":2},"end":{"line":69,"column":3}},"loc":{"start":{"line":69,"column":30},"end":{"line":81,"column":3}},"line":69},"9":{"name":"(anonymous_9)","decl":{"start":{"line":83,"column":2},"end":{"line":83,"column":3}},"loc":{"start":{"line":83,"column":11},"end":{"line":109,"column":3}},"line":83}},"branchMap":{"0":{"loc":{"start":{"line":57,"column":4},"end":{"line":66,"column":5}},"type":"if","locations":[{"start":{"line":57,"column":4},"end":{"line":66,"column":5}},{"start":{"line":57,"column":4},"end":{"line":66,"column":5}}],"line":57},"1":{"loc":{"start":{"line":72,"column":4},"end":{"line":80,"column":5}},"type":"if","locations":[{"start":{"line":72,"column":4},"end":{"line":80,"column":5}},{"start":{"line":72,"column":4},"end":{"line":80,"column":5}}],"line":72},"2":{"loc":{"start":{"line":87,"column":4},"end":{"line":91,"column":5}},"type":"if","locations":[{"start":{"line":87,"column":4},"end":{"line":91,"column":5}},{"start":{"line":87,"column":4},"end":{"line":91,"column":5}}],"line":87}},"s":{"0":1,"1":1,"2":1,"3":1,"4":1,"5":1,"6":1,"7":1,"8":0,"9":0,"10":0,"11":0,"12":0,"13":0,"14":0,"15":0,"16":0,"17":0,"18":0,"19":0,"20":0,"21":0,"22":0,"23":0,"24":1,"25":1,"26":1,"27":1,"28":1,"29":0},"f":{"0":1,"1":1,"2":1,"3":0,"4":0,"5":0,"6":0,"7":0,"8":0,"9":1},"b":{"0":[0,0],"1":[0,0],"2":[1,0]},"_coverageSchema":"43e27e138ebf9cfc5966b082cf9a028302ed4184","hash":"1bcf97ccd437e663049bc9d1bf9c58f30c5ad33d"}
,"/Users/aku2nnya/Desktop/Coding/GitHub/carousel_module/client/src/components/modal.jsx": {"path":"/Users/aku2nnya/Desktop/Coding/GitHub/carousel_module/client/src/components/modal.jsx","statementMap":{"0":{"start":{"line":6,"column":14},"end":{"line":37,"column":1}},"1":{"start":{"line":7,"column":2},"end":{"line":35,"column":3}},"2":{"start":{"line":8,"column":4},"end":{"line":34,"column":6}},"3":{"start":{"line":28,"column":12},"end":{"line":28,"column":103}},"4":{"start":{"line":36,"column":2},"end":{"line":36,"column":14}}},"fnMap":{"0":{"name":"(anonymous_0)","decl":{"start":{"line":6,"column":14},"end":{"line":6,"column":15}},"loc":{"start":{"line":6,"column":25},"end":{"line":37,"column":1}},"line":6},"1":{"name":"(anonymous_1)","decl":{"start":{"line":27,"column":47},"end":{"line":27,"column":48}},"loc":{"start":{"line":28,"column":12},"end":{"line":28,"column":103}},"line":28}},"branchMap":{"0":{"loc":{"start":{"line":7,"column":2},"end":{"line":35,"column":3}},"type":"if","locations":[{"start":{"line":7,"column":2},"end":{"line":35,"column":3}},{"start":{"line":7,"column":2},"end":{"line":35,"column":3}}],"line":7}},"s":{"0":2,"1":0,"2":0,"3":0,"4":0},"f":{"0":0,"1":0},"b":{"0":[0,0]},"_coverageSchema":"43e27e138ebf9cfc5966b082cf9a028302ed4184","hash":"d0fc16c4f5993c79c61be3ee1307e0cb738d9f18"}
,"/Users/aku2nnya/Desktop/Coding/GitHub/carousel_module/client/src/components/photoCollage.jsx": {"path":"/Users/aku2nnya/Desktop/Coding/GitHub/carousel_module/client/src/components/photoCollage.jsx","statementMap":{"0":{"start":{"line":5,"column":21},"end":{"line":26,"column":1}},"1":{"start":{"line":6,"column":2},"end":{"line":14,"column":3}},"2":{"start":{"line":7,"column":4},"end":{"line":13,"column":6}},"3":{"start":{"line":10,"column":120},"end":{"line":10,"column":176}},"4":{"start":{"line":10,"column":155},"end":{"line":10,"column":174}},"5":{"start":{"line":15,"column":2},"end":{"line":25,"column":4}},"6":{"start":{"line":18,"column":109},"end":{"line":18,"column":165}},"7":{"start":{"line":18,"column":144},"end":{"line":18,"column":163}},"8":{"start":{"line":19,"column":110},"end":{"line":19,"column":166}},"9":{"start":{"line":19,"column":145},"end":{"line":19,"column":164}},"10":{"start":{"line":20,"column":109},"end":{"line":20,"column":165}},"11":{"start":{"line":20,"column":144},"end":{"line":20,"column":163}},"12":{"start":{"line":21,"column":110},"end":{"line":21,"column":166}},"13":{"start":{"line":21,"column":145},"end":{"line":21,"column":164}},"14":{"start":{"line":22,"column":109},"end":{"line":22,"column":165}},"15":{"start":{"line":22,"column":144},"end":{"line":22,"column":163}}},"fnMap":{"0":{"name":"(anonymous_0)","decl":{"start":{"line":5,"column":21},"end":{"line":5,"column":22}},"loc":{"start":{"line":5,"column":32},"end":{"line":26,"column":1}},"line":5},"1":{"name":"(anonymous_1)","decl":{"start":{"line":10,"column":113},"end":{"line":10,"column":114}},"loc":{"start":{"line":10,"column":119},"end":{"line":10,"column":177}},"line":10},"2":{"name":"(anonymous_2)","decl":{"start":{"line":10,"column":148},"end":{"line":10,"column":149}},"loc":{"start":{"line":10,"column":154},"end":{"line":10,"column":175}},"line":10},"3":{"name":"(anonymous_3)","decl":{"start":{"line":18,"column":102},"end":{"line":18,"column":103}},"loc":{"start":{"line":18,"column":108},"end":{"line":18,"column":166}},"line":18},"4":{"name":"(anonymous_4)","decl":{"start":{"line":18,"column":137},"end":{"line":18,"column":138}},"loc":{"start":{"line":18,"column":143},"end":{"line":18,"column":164}},"line":18},"5":{"name":"(anonymous_5)","decl":{"start":{"line":19,"column":103},"end":{"line":19,"column":104}},"loc":{"start":{"line":19,"column":109},"end":{"line":19,"column":167}},"line":19},"6":{"name":"(anonymous_6)","decl":{"start":{"line":19,"column":138},"end":{"line":19,"column":139}},"loc":{"start":{"line":19,"column":144},"end":{"line":19,"column":165}},"line":19},"7":{"name":"(anonymous_7)","decl":{"start":{"line":20,"column":102},"end":{"line":20,"column":103}},"loc":{"start":{"line":20,"column":108},"end":{"line":20,"column":166}},"line":20},"8":{"name":"(anonymous_8)","decl":{"start":{"line":20,"column":137},"end":{"line":20,"column":138}},"loc":{"start":{"line":20,"column":143},"end":{"line":20,"column":164}},"line":20},"9":{"name":"(anonymous_9)","decl":{"start":{"line":21,"column":103},"end":{"line":21,"column":104}},"loc":{"start":{"line":21,"column":109},"end":{"line":21,"column":167}},"line":21},"10":{"name":"(anonymous_10)","decl":{"start":{"line":21,"column":138},"end":{"line":21,"column":139}},"loc":{"start":{"line":21,"column":144},"end":{"line":21,"column":165}},"line":21},"11":{"name":"(anonymous_11)","decl":{"start":{"line":22,"column":102},"end":{"line":22,"column":103}},"loc":{"start":{"line":22,"column":108},"end":{"line":22,"column":166}},"line":22},"12":{"name":"(anonymous_12)","decl":{"start":{"line":22,"column":137},"end":{"line":22,"column":138}},"loc":{"start":{"line":22,"column":143},"end":{"line":22,"column":164}},"line":22}},"branchMap":{"0":{"loc":{"start":{"line":6,"column":2},"end":{"line":14,"column":3}},"type":"if","locations":[{"start":{"line":6,"column":2},"end":{"line":14,"column":3}},{"start":{"line":6,"column":2},"end":{"line":14,"column":3}}],"line":6}},"s":{"0":2,"1":0,"2":0,"3":0,"4":0,"5":0,"6":0,"7":0,"8":0,"9":0,"10":0,"11":0,"12":0,"13":0,"14":0,"15":0},"f":{"0":0,"1":0,"2":0,"3":0,"4":0,"5":0,"6":0,"7":0,"8":0,"9":0,"10":0,"11":0,"12":0},"b":{"0":[0,0]},"_coverageSchema":"43e27e138ebf9cfc5966b082cf9a028302ed4184","hash":"ccd3cc993329339acbb9ae267d09c08818061f26"}
,"/Users/aku2nnya/Desktop/Coding/GitHub/carousel_module/database/dbGenerator.js": {"path":"/Users/aku2nnya/Desktop/Coding/GitHub/carousel_module/database/dbGenerator.js","statementMap":{"0":{"start":{"line":1,"column":10},"end":{"line":1,"column":27}},"1":{"start":{"line":2,"column":14},"end":{"line":2,"column":30}},"2":{"start":{"line":3,"column":18},"end":{"line":3,"column":40}},"3":{"start":{"line":7,"column":17},"end":{"line":23,"column":1}},"4":{"start":{"line":9,"column":23},"end":{"line":9,"column":58}},"5":{"start":{"line":11,"column":2},"end":{"line":13,"column":3}},"6":{"start":{"line":12,"column":4},"end":{"line":12,"column":24}},"7":{"start":{"line":14,"column":2},"end":{"line":19,"column":3}},"8":{"start":{"line":14,"column":15},"end":{"line":14,"column":16}},"9":{"start":{"line":16,"column":4},"end":{"line":18,"column":5}},"10":{"start":{"line":17,"column":6},"end":{"line":17,"column":49}},"11":{"start":{"line":21,"column":2},"end":{"line":21,"column":36}},"12":{"start":{"line":22,"column":2},"end":{"line":22,"column":22}},"13":{"start":{"line":26,"column":26},"end":{"line":51,"column":1}},"14":{"start":{"line":28,"column":17},"end":{"line":28,"column":19}},"15":{"start":{"line":30,"column":20},"end":{"line":30,"column":54}},"16":{"start":{"line":32,"column":14},"end":{"line":32,"column":15}},"17":{"start":{"line":33,"column":2},"end":{"line":50,"column":3}},"18":{"start":{"line":35,"column":27},"end":{"line":35,"column":29}},"19":{"start":{"line":37,"column":29},"end":{"line":37,"column":79}},"20":{"start":{"line":39,"column":21},"end":{"line":39,"column":49}},"21":{"start":{"line":41,"column":4},"end":{"line":41,"column":33}},"22":{"start":{"line":43,"column":4},"end":{"line":43,"column":43}},"23":{"start":{"line":45,"column":4},"end":{"line":45,"column":44}},"24":{"start":{"line":47,"column":4},"end":{"line":47,"column":18}},"25":{"start":{"line":49,"column":4},"end":{"line":49,"column":15}},"26":{"start":{"line":54,"column":20},"end":{"line":106,"column":1}},"27":{"start":{"line":56,"column":13},"end":{"line":56,"column":15}},"28":{"start":{"line":58,"column":2},"end":{"line":103,"column":3}},"29":{"start":{"line":58,"column":15},"end":{"line":58,"column":16}},"30":{"start":{"line":60,"column":19},"end":{"line":60,"column":21}},"31":{"start":{"line":62,"column":4},"end":{"line":62,"column":18}},"32":{"start":{"line":64,"column":4},"end":{"line":64,"column":34}},"33":{"start":{"line":67,"column":4},"end":{"line":67,"column":80}},"34":{"start":{"line":70,"column":4},"end":{"line":70,"column":83}},"35":{"start":{"line":73,"column":4},"end":{"line":76,"column":5}},"36":{"start":{"line":75,"column":6},"end":{"line":75,"column":80}},"37":{"start":{"line":78,"column":4},"end":{"line":81,"column":5}},"38":{"start":{"line":80,"column":6},"end":{"line":80,"column":80}},"39":{"start":{"line":83,"column":4},"end":{"line":86,"column":5}},"40":{"start":{"line":85,"column":6},"end":{"line":85,"column":77}},"41":{"start":{"line":88,"column":4},"end":{"line":91,"column":5}},"42":{"start":{"line":90,"column":6},"end":{"line":90,"column":84}},"43":{"start":{"line":94,"column":4},"end":{"line":94,"column":80}},"44":{"start":{"line":97,"column":4},"end":{"line":97,"column":81}},"45":{"start":{"line":100,"column":4},"end":{"line":100,"column":78}},"46":{"start":{"line":102,"column":4},"end":{"line":102,"column":20}},"47":{"start":{"line":105,"column":2},"end":{"line":105,"column":12}},"48":{"start":{"line":109,"column":0},"end":{"line":113,"column":2}}},"fnMap":{"0":{"name":"(anonymous_0)","decl":{"start":{"line":7,"column":17},"end":{"line":7,"column":18}},"loc":{"start":{"line":7,"column":48},"end":{"line":23,"column":1}},"line":7},"1":{"name":"(anonymous_1)","decl":{"start":{"line":26,"column":26},"end":{"line":26,"column":27}},"loc":{"start":{"line":26,"column":88},"end":{"line":51,"column":1}},"line":26},"2":{"name":"(anonymous_2)","decl":{"start":{"line":54,"column":20},"end":{"line":54,"column":21}},"loc":{"start":{"line":54,"column":26},"end":{"line":106,"column":1}},"line":54}},"branchMap":{"0":{"loc":{"start":{"line":11,"column":2},"end":{"line":13,"column":3}},"type":"if","locations":[{"start":{"line":11,"column":2},"end":{"line":13,"column":3}},{"start":{"line":11,"column":2},"end":{"line":13,"column":3}}],"line":11},"1":{"loc":{"start":{"line":16,"column":4},"end":{"line":18,"column":5}},"type":"if","locations":[{"start":{"line":16,"column":4},"end":{"line":18,"column":5}},{"start":{"line":16,"column":4},"end":{"line":18,"column":5}}],"line":16},"2":{"loc":{"start":{"line":73,"column":4},"end":{"line":76,"column":5}},"type":"if","locations":[{"start":{"line":73,"column":4},"end":{"line":76,"column":5}},{"start":{"line":73,"column":4},"end":{"line":76,"column":5}}],"line":73},"3":{"loc":{"start":{"line":73,"column":8},"end":{"line":73,"column":41}},"type":"binary-expr","locations":[{"start":{"line":73,"column":8},"end":{"line":73,"column":22}},{"start":{"line":73,"column":26},"end":{"line":73,"column":41}}],"line":73},"4":{"loc":{"start":{"line":78,"column":4},"end":{"line":81,"column":5}},"type":"if","locations":[{"start":{"line":78,"column":4},"end":{"line":81,"column":5}},{"start":{"line":78,"column":4},"end":{"line":81,"column":5}}],"line":78},"5":{"loc":{"start":{"line":78,"column":8},"end":{"line":78,"column":42}},"type":"binary-expr","locations":[{"start":{"line":78,"column":8},"end":{"line":78,"column":23}},{"start":{"line":78,"column":27},"end":{"line":78,"column":42}}],"line":78},"6":{"loc":{"start":{"line":83,"column":4},"end":{"line":86,"column":5}},"type":"if","locations":[{"start":{"line":83,"column":4},"end":{"line":86,"column":5}},{"start":{"line":83,"column":4},"end":{"line":86,"column":5}}],"line":83},"7":{"loc":{"start":{"line":83,"column":8},"end":{"line":83,"column":42}},"type":"binary-expr","locations":[{"start":{"line":83,"column":8},"end":{"line":83,"column":23}},{"start":{"line":83,"column":27},"end":{"line":83,"column":42}}],"line":83},"8":{"loc":{"start":{"line":88,"column":4},"end":{"line":91,"column":5}},"type":"if","locations":[{"start":{"line":88,"column":4},"end":{"line":91,"column":5}},{"start":{"line":88,"column":4},"end":{"line":91,"column":5}}],"line":88},"9":{"loc":{"start":{"line":88,"column":8},"end":{"line":88,"column":43}},"type":"binary-expr","locations":[{"start":{"line":88,"column":8},"end":{"line":88,"column":23}},{"start":{"line":88,"column":27},"end":{"line":88,"column":43}}],"line":88}},"s":{"0":2,"1":2,"2":2,"3":2,"4":2259,"5":2259,"6":2259,"7":0,"8":0,"9":0,"10":0,"11":0,"12":0,"13":2,"14":1800,"15":1800,"16":1800,"17":1800,"18":2257,"19":2257,"20":2257,"21":2257,"22":2257,"23":2257,"24":2257,"25":2257,"26":2,"27":3,"28":3,"29":3,"30":300,"31":300,"32":300,"33":300,"34":300,"35":300,"36":75,"37":300,"38":75,"39":300,"40":75,"41":300,"42":75,"43":300,"44":300,"45":300,"46":300,"47":3,"48":2},"f":{"0":2259,"1":1800,"2":3},"b":{"0":[2259,0],"1":[0,0],"2":[75,225],"3":[300,300],"4":[75,225],"5":[300,225],"6":[75,225],"7":[300,150],"8":[75,225],"9":[300,75]},"_coverageSchema":"43e27e138ebf9cfc5966b082cf9a028302ed4184","hash":"5066097964a839b4516594778df0a5d270d8227d"}
,"/Users/aku2nnya/Desktop/Coding/GitHub/carousel_module/database/index.js": {"path":"/Users/aku2nnya/Desktop/Coding/GitHub/carousel_module/database/index.js","statementMap":{"0":{"start":{"line":1,"column":17},"end":{"line":1,"column":36}},"1":{"start":{"line":2,"column":25},"end":{"line":2,"column":49}},"2":{"start":{"line":5,"column":11},"end":{"line":5,"column":113}},"3":{"start":{"line":7,"column":32},"end":{"line":18,"column":2}},"4":{"start":{"line":20,"column":26},"end":{"line":20,"column":86}},"5":{"start":{"line":23,"column":0},"end":{"line":27,"column":2}}},"fnMap":{},"branchMap":{},"s":{"0":3,"1":3,"2":3,"3":3,"4":3,"5":3},"f":{},"b":{},"_coverageSchema":"43e27e138ebf9cfc5966b082cf9a028302ed4184","hash":"585ee0d061d6523cecabbc9203c59faac000a89a"}
,"/Users/aku2nnya/Desktop/Coding/GitHub/carousel_module/database/seed.js": {"path":"/Users/aku2nnya/Desktop/Coding/GitHub/carousel_module/database/seed.js","statementMap":{"0":{"start":{"line":1,"column":14},"end":{"line":1,"column":42}},"1":{"start":{"line":2,"column":20},"end":{"line":2,"column":54}},"2":{"start":{"line":5,"column":15},"end":{"line":7,"column":1}},"3":{"start":{"line":6,"column":2},"end":{"line":6,"column":60}},"4":{"start":{"line":9,"column":0},"end":{"line":9,"column":9}},"5":{"start":{"line":12,"column":0},"end":{"line":12,"column":31}}},"fnMap":{"0":{"name":"(anonymous_0)","decl":{"start":{"line":5,"column":15},"end":{"line":5,"column":16}},"loc":{"start":{"line":5,"column":21},"end":{"line":7,"column":1}},"line":5}},"branchMap":{},"s":{"0":1,"1":1,"2":1,"3":2,"4":1,"5":1},"f":{"0":2},"b":{},"_coverageSchema":"43e27e138ebf9cfc5966b082cf9a028302ed4184","hash":"1652edb2a1372ddc7646ac7ec7175c45196918cc"}
,"/Users/aku2nnya/Desktop/Coding/GitHub/carousel_module/server/index.js": {"path":"/Users/aku2nnya/Desktop/Coding/GitHub/carousel_module/server/index.js","statementMap":{"0":{"start":{"line":1,"column":16},"end":{"line":1,"column":34}},"1":{"start":{"line":2,"column":19},"end":{"line":2,"column":41}},"2":{"start":{"line":3,"column":13},"end":{"line":3,"column":28}},"3":{"start":{"line":4,"column":14},"end":{"line":4,"column":42}},"4":{"start":{"line":7,"column":12},"end":{"line":7,"column":21}},"5":{"start":{"line":8,"column":13},"end":{"line":8,"column":17}},"6":{"start":{"line":10,"column":0},"end":{"line":10,"column":27}},"7":{"start":{"line":11,"column":0},"end":{"line":11,"column":59}},"8":{"start":{"line":13,"column":0},"end":{"line":24,"column":3}},"9":{"start":{"line":14,"column":2},"end":{"line":23,"column":7}},"10":{"start":{"line":17,"column":6},"end":{"line":22,"column":7}},"11":{"start":{"line":18,"column":8},"end":{"line":18,"column":57}},"12":{"start":{"line":20,"column":8},"end":{"line":20,"column":58}},"13":{"start":{"line":21,"column":8},"end":{"line":21,"column":23}},"14":{"start":{"line":27,"column":0},"end":{"line":29,"column":3}},"15":{"start":{"line":28,"column":2},"end":{"line":28,"column":43}},"16":{"start":{"line":32,"column":0},"end":{"line":35,"column":2}}},"fnMap":{"0":{"name":"(anonymous_0)","decl":{"start":{"line":13,"column":34},"end":{"line":13,"column":35}},"loc":{"start":{"line":13,"column":48},"end":{"line":24,"column":1}},"line":13},"1":{"name":"(anonymous_1)","decl":{"start":{"line":16,"column":10},"end":{"line":16,"column":11}},"loc":{"start":{"line":16,"column":25},"end":{"line":23,"column":5}},"line":16},"2":{"name":"(anonymous_2)","decl":{"start":{"line":27,"column":17},"end":{"line":27,"column":18}},"loc":{"start":{"line":27,"column":23},"end":{"line":29,"column":1}},"line":27}},"branchMap":{"0":{"loc":{"start":{"line":17,"column":6},"end":{"line":22,"column":7}},"type":"if","locations":[{"start":{"line":17,"column":6},"end":{"line":22,"column":7}},{"start":{"line":17,"column":6},"end":{"line":22,"column":7}}],"line":17}},"s":{"0":1,"1":1,"2":1,"3":1,"4":1,"5":1,"6":1,"7":1,"8":1,"9":1,"10":1,"11":1,"12":0,"13":0,"14":1,"15":1,"16":1},"f":{"0":1,"1":1,"2":1},"b":{"0":[1,0]},"_coverageSchema":"43e27e138ebf9cfc5966b082cf9a028302ed4184","hash":"b082701fcaca1fef6971d5ce5c5172a03c6ba99a"}
}
