TN:
SF:/Users/aku2nnya/Desktop/Coding/GitHub/carousel_module/client/src/index.jsx
FNF:0
FNH:0
DA:6,1
LF:1
LH:1
BRF:0
BRH:0
end_of_record
TN:
SF:/Users/aku2nnya/Desktop/Coding/GitHub/carousel_module/client/src/components/carousel.jsx
FN:9,(anonymous_0)
FN:22,(anonymous_1)
FN:26,(anonymous_2)
FN:31,(anonymous_3)
FN:34,(anonymous_4)
FN:41,(anonymous_5)
FN:48,(anonymous_6)
FN:54,(anonymous_7)
FN:69,(anonymous_8)
FN:83,(anonymous_9)
FNF:10
FNH:4
FNDA:1,(anonymous_0)
FNDA:1,(anonymous_1)
FNDA:1,(anonymous_2)
FNDA:0,(anonymous_3)
FNDA:0,(anonymous_4)
FNDA:0,(anonymous_5)
FNDA:0,(anonymous_6)
FNDA:0,(anonymous_7)
FNDA:0,(anonymous_8)
FNDA:1,(anonymous_9)
DA:10,1
DA:11,1
DA:16,1
DA:17,1
DA:18,1
DA:19,1
DA:23,1
DA:27,1
DA:32,0
DA:35,0
DA:36,0
DA:42,0
DA:43,0
DA:49,0
DA:55,0
DA:56,0
DA:57,0
DA:59,0
DA:63,0
DA:70,0
DA:71,0
DA:72,0
DA:73,0
DA:77,0
DA:84,1
DA:85,1
DA:86,1
DA:87,1
DA:88,1
DA:92,0
LF:30
LH:13
BRDA:57,0,0,0
BRDA:57,0,1,0
BRDA:72,1,0,0
BRDA:72,1,1,0
BRDA:87,2,0,1
BRDA:87,2,1,0
BRF:6
BRH:1
end_of_record
TN:
SF:/Users/aku2nnya/Desktop/Coding/GitHub/carousel_module/client/src/components/modal.jsx
FN:6,(anonymous_0)
FN:27,(anonymous_1)
FNF:2
FNH:0
FNDA:0,(anonymous_0)
FNDA:0,(anonymous_1)
DA:6,2
DA:7,0
DA:8,0
DA:28,0
DA:36,0
LF:5
LH:1
BRDA:7,0,0,0
BRDA:7,0,1,0
BRF:2
BRH:0
end_of_record
TN:
SF:/Users/aku2nnya/Desktop/Coding/GitHub/carousel_module/client/src/components/photoCollage.jsx
FN:5,(anonymous_0)
FN:10,(anonymous_1)
FN:10,(anonymous_2)
FN:18,(anonymous_3)
FN:18,(anonymous_4)
FN:19,(anonymous_5)
FN:19,(anonymous_6)
FN:20,(anonymous_7)
FN:20,(anonymous_8)
FN:21,(anonymous_9)
FN:21,(anonymous_10)
FN:22,(anonymous_11)
FN:22,(anonymous_12)
FNF:13
FNH:0
FNDA:0,(anonymous_0)
FNDA:0,(anonymous_1)
FNDA:0,(anonymous_2)
FNDA:0,(anonymous_3)
FNDA:0,(anonymous_4)
FNDA:0,(anonymous_5)
FNDA:0,(anonymous_6)
FNDA:0,(anonymous_7)
FNDA:0,(anonymous_8)
FNDA:0,(anonymous_9)
FNDA:0,(anonymous_10)
FNDA:0,(anonymous_11)
FNDA:0,(anonymous_12)
DA:5,2
DA:6,0
DA:7,0
DA:10,0
DA:15,0
DA:18,0
DA:19,0
DA:20,0
DA:21,0
DA:22,0
LF:10
LH:1
BRDA:6,0,0,0
BRDA:6,0,1,0
BRF:2
BRH:0
end_of_record
TN:
SF:/Users/aku2nnya/Desktop/Coding/GitHub/carousel_module/database/dbGenerator.js
FN:7,(anonymous_0)
FN:26,(anonymous_1)
FN:54,(anonymous_2)
FNF:3
FNH:3
FNDA:2259,(anonymous_0)
FNDA:1800,(anonymous_1)
FNDA:3,(anonymous_2)
DA:1,2
DA:2,2
DA:3,2
DA:7,2
DA:9,2259
DA:11,2259
DA:12,2259
DA:14,0
DA:16,0
DA:17,0
DA:21,0
DA:22,0
DA:26,2
DA:28,1800
DA:30,1800
DA:32,1800
DA:33,1800
DA:35,2257
DA:37,2257
DA:39,2257
DA:41,2257
DA:43,2257
DA:45,2257
DA:47,2257
DA:49,2257
DA:54,2
DA:56,3
DA:58,3
DA:60,300
DA:62,300
DA:64,300
DA:67,300
DA:70,300
DA:73,300
DA:75,75
DA:78,300
DA:80,75
DA:83,300
DA:85,75
DA:88,300
DA:90,75
DA:94,300
DA:97,300
DA:100,300
DA:102,300
DA:105,3
DA:109,2
LF:47
LH:42
BRDA:11,0,0,2259
BRDA:11,0,1,0
BRDA:16,1,0,0
BRDA:16,1,1,0
BRDA:73,2,0,75
BRDA:73,2,1,225
BRDA:73,3,0,300
BRDA:73,3,1,300
BRDA:78,4,0,75
BRDA:78,4,1,225
BRDA:78,5,0,300
BRDA:78,5,1,225
BRDA:83,6,0,75
BRDA:83,6,1,225
BRDA:83,7,0,300
BRDA:83,7,1,150
BRDA:88,8,0,75
BRDA:88,8,1,225
BRDA:88,9,0,300
BRDA:88,9,1,75
BRF:20
BRH:17
end_of_record
TN:
SF:/Users/aku2nnya/Desktop/Coding/GitHub/carousel_module/database/index.js
FNF:0
FNH:0
DA:1,3
DA:2,3
DA:5,3
DA:7,3
DA:20,3
DA:23,3
LF:6
LH:6
BRF:0
BRH:0
end_of_record
TN:
SF:/Users/aku2nnya/Desktop/Coding/GitHub/carousel_module/database/seed.js
FN:5,(anonymous_0)
FNF:1
FNH:1
FNDA:2,(anonymous_0)
DA:1,1
DA:2,1
DA:5,1
DA:6,2
DA:9,1
DA:12,1
LF:6
LH:6
BRF:0
BRH:0
end_of_record
TN:
SF:/Users/aku2nnya/Desktop/Coding/GitHub/carousel_module/server/index.js
FN:13,(anonymous_0)
FN:16,(anonymous_1)
FN:27,(anonymous_2)
FNF:3
FNH:3
FNDA:1,(anonymous_0)
FNDA:1,(anonymous_1)
FNDA:1,(anonymous_2)
DA:1,1
DA:2,1
DA:3,1
DA:4,1
DA:7,1
DA:8,1
DA:10,1
DA:11,1
DA:13,1
DA:14,1
DA:17,1
DA:18,1
DA:20,0
DA:21,0
DA:27,1
DA:28,1
DA:32,1
LF:17
LH:15
BRDA:17,0,0,1
BRDA:17,0,1,0
BRF:2
BRH:1
end_of_record
